0 info it worked if it ends with ok
1 verbose cli [ 'C:\\Program Files\\nodejs\\node.exe',
1 verbose cli   'C:\\Program Files\\nodejs\\node_modules\\npm\\bin\\npm-cli.js',
1 verbose cli   'start' ]
2 info using npm@3.10.3
3 info using node@v6.5.0
4 verbose run-script [ 'prestart', 'start', 'poststart' ]
5 info lifecycle angular2-tour-heros@1.0.0~prestart: angular2-tour-heros@1.0.0
6 silly lifecycle angular2-tour-heros@1.0.0~prestart: no script for prestart, continuing
7 info lifecycle angular2-tour-heros@1.0.0~start: angular2-tour-heros@1.0.0
8 verbose lifecycle angular2-tour-heros@1.0.0~start: unsafe-perm in lifecycle true
9 verbose lifecycle angular2-tour-heros@1.0.0~start: PATH: C:\Program Files\nodejs\node_modules\npm\bin\node-gyp-bin;E:\angular2-tour-of-heros\node_modules\.bin;C:\Program Files\nodejs;C:\ProgramData\Oracle\Java\javapath;C:\windows\system32;C:\windows;C:\windows\System32\Wbem;C:\windows\System32\WindowsPowerShell\v1.0\;D:\android-sdk_r24.3.4-windows\android-sdk-windows\platform-tools;D:\software\Git\bin;D:\android-sdk_r24.3.4-windows\android-sdk-windows\build-tools\23.0.1;C:\Python27;C:\Python27\Scripts;E:\ngx_openresty-1.9.7.1-win32;C:\Program Files\Java\jdk1.8.0_73\bin;E:\ngx_openresty-1.9.7.1-win32;D:\bootimg.exe;E:\cmake-3.6.1-win64-x64\bin;D:\android-ndk-r10e;E:\workspace\github\flatbuffers\Release;C:\msys64;C:\ProgramData\chocolatey\bin;C:\Program Files\nodejs\;D:\android-studio-ide-141.2288178-windows\android-studio\gradle\gradle-2.14.1\bin;C:\Ruby23-x64\bin;C:\Users\chengzg\AppData\Roaming\npm
10 verbose lifecycle angular2-tour-heros@1.0.0~start: CWD: E:\angular2-tour-of-heros
11 silly lifecycle angular2-tour-heros@1.0.0~start: Args: [ '/d /s /c',
11 silly lifecycle   'tsc && concurrently "npm run tsc:w" "npm run lite" ' ]
12 silly lifecycle angular2-tour-heros@1.0.0~start: Returned: code: 2  signal: null
13 info lifecycle angular2-tour-heros@1.0.0~start: Failed to exec start script
14 verbose stack Error: angular2-tour-heros@1.0.0 start: `tsc && concurrently "npm run tsc:w" "npm run lite" `
14 verbose stack Exit status 2
14 verbose stack     at EventEmitter.<anonymous> (C:\Program Files\nodejs\node_modules\npm\lib\utils\lifecycle.js:242:16)
14 verbose stack     at emitTwo (events.js:106:13)
14 verbose stack     at EventEmitter.emit (events.js:191:7)
14 verbose stack     at ChildProcess.<anonymous> (C:\Program Files\nodejs\node_modules\npm\lib\utils\spawn.js:40:14)
14 verbose stack     at emitTwo (events.js:106:13)
14 verbose stack     at ChildProcess.emit (events.js:191:7)
14 verbose stack     at maybeClose (internal/child_process.js:877:16)
14 verbose stack     at Process.ChildProcess._handle.onexit (internal/child_process.js:226:5)
15 verbose pkgid angular2-tour-heros@1.0.0
16 verbose cwd E:\angular2-tour-of-heros\app\hero
17 error Windows_NT 6.1.7601
18 error argv "C:\\Program Files\\nodejs\\node.exe" "C:\\Program Files\\nodejs\\node_modules\\npm\\bin\\npm-cli.js" "start"
19 error node v6.5.0
20 error npm  v3.10.3
21 error code ELIFECYCLE
22 error angular2-tour-heros@1.0.0 start: `tsc && concurrently "npm run tsc:w" "npm run lite" `
22 error Exit status 2
23 error Failed at the angular2-tour-heros@1.0.0 start script 'tsc && concurrently "npm run tsc:w" "npm run lite" '.
23 error Make sure you have the latest version of node.js and npm installed.
23 error If you do, this is most likely a problem with the angular2-tour-heros package,
23 error not with npm itself.
23 error Tell the author that this fails on your system:
23 error     tsc && concurrently "npm run tsc:w" "npm run lite"
23 error You can get information on how to open an issue for this project with:
23 error     npm bugs angular2-tour-heros
23 error Or if that isn't available, you can get their info via:
23 error     npm owner ls angular2-tour-heros
23 error There is likely additional logging output above.
24 verbose exit [ 1, true ]
